<?xml version="1.0" encoding="UTF-8"?>
<testng-results ignored="0" total="1" passed="1" failed="0" skipped="0">
  <reporter-output>
  </reporter-output>
  <suite started-at="2024-03-02T10:29:10 CST" name="Default suite" finished-at="2024-03-02T10:31:11 CST" duration-ms="121407">
    <groups>
    </groups>
    <test started-at="2024-03-02T10:29:10 CST" name="Default test" finished-at="2024-03-02T10:31:11 CST" duration-ms="121407">
      <class name="tests.AddNewCustomerTest">
        <test-method signature="userShuldBeAbleToAddNewCustomer()[pri:0, instance:tests.AddNewCustomerTest@62f4ff3b]" started-at="2024-03-02T10:29:10 CST" name="userShuldBeAbleToAddNewCustomer" finished-at="2024-03-02T10:31:11 CST" duration-ms="121367" status="PASS">
          <reporter-output>
          </reporter-output>
        </test-method> <!-- userShuldBeAbleToAddNewCustomer -->
      </class> <!-- tests.AddNewCustomerTest -->
    </test> <!-- Default test -->
  </suite> <!-- Default suite -->
</testng-results>
